------------------------------------------------------------
Server listening on TCP port 5001
TCP window size:  128 KByte (default)
------------------------------------------------------------
------------------------------------------------------------
Client connecting to 192.168.10.2, TCP port 5001
TCP window size: 85.0 KByte (default)
------------------------------------------------------------
[  2] local 192.168.10.1 port 5001 connected with 192.168.10.2 port 34698
[  1] local 192.168.10.1 port 33770 connected with 192.168.10.2 port 5001
[ ID] Interval       Transfer     Bandwidth
[  1] 0.0000-1.0000 sec   107 MBytes   898 Mbits/sec
[  2] 0.0000-1.0000 sec   103 MBytes   860 Mbits/sec
[  1] 1.0000-2.0000 sec   112 MBytes   937 Mbits/sec
[  2] 1.0000-2.0000 sec   107 MBytes   899 Mbits/sec
[  1] 2.0000-3.0000 sec   111 MBytes   932 Mbits/sec
[  2] 2.0000-3.0000 sec   108 MBytes   902 Mbits/sec
[  1] 3.0000-4.0000 sec   112 MBytes   935 Mbits/sec
[  2] 3.0000-4.0000 sec   108 MBytes   908 Mbits/sec
[  1] 4.0000-5.0000 sec   111 MBytes   930 Mbits/sec
[  2] 4.0000-5.0000 sec   108 MBytes   906 Mbits/sec
[  1] 5.0000-6.0000 sec   111 MBytes   934 Mbits/sec
[  2] 5.0000-6.0000 sec   107 MBytes   899 Mbits/sec
[  1] 6.0000-7.0000 sec   111 MBytes   933 Mbits/sec
[  2] 6.0000-7.0000 sec   107 MBytes   896 Mbits/sec
[  1] 7.0000-8.0000 sec   111 MBytes   934 Mbits/sec
[  2] 7.0000-8.0000 sec   108 MBytes   904 Mbits/sec
[  1] 8.0000-9.0000 sec   111 MBytes   932 Mbits/sec
[  2] 8.0000-9.0000 sec   108 MBytes   907 Mbits/sec
[  1] 9.0000-10.0000 sec   112 MBytes   936 Mbits/sec
[  2] 9.0000-10.0000 sec   108 MBytes   909 Mbits/sec
[  1] 0.0000-10.0287 sec  1.08 GBytes   928 Mbits/sec
[  2] 0.0000-10.0300 sec  1.05 GBytes   899 Mbits/sec
